Using pre-set license
Built from '2020.3/staging' branch; Version is '2020.3.11f1 (99c7afb366b3) revision 10078127'; Using compiler version '192528614'; Build Type 'Release'
OS: 'Windows 10 Pro; OS build 19042.1052; Version 2009; 64bit' Language: 'es' Physical Memory: 7373 MB
BatchMode: 1, IsHumanControllingUs: 0, StartBugReporterOnCrash: 0, Is64bit: 1, IsPro: 0

 COMMAND LINE ARGUMENTS:
C:\Program Files\Unity\Hub\Editor\2020.3.11f1\Editor\Unity.exe
-adb2
-batchMode
-noUpm
-name
AssetImportWorker0
-projectPath
C:/Users/nahue/Desktop/UnityProyects/Unity-TriangleWaves
-logFile
Logs/AssetImportWorker0.log
-srvPort
59908
Successfully changed project path to: C:/Users/nahue/Desktop/UnityProyects/Unity-TriangleWaves
C:/Users/nahue/Desktop/UnityProyects/Unity-TriangleWaves
Using Asset Import Pipeline V2.
Refreshing native plugins compatible for Editor in 116.65 ms, found 3 plugins.
Preloading 0 native plugins for Editor in 0.00 ms.
Initialize engine version: 2020.3.11f1 (99c7afb366b3)
[Subsystems] Discovering subsystems at path C:/Program Files/Unity/Hub/Editor/2020.3.11f1/Editor/Data/Resources/UnitySubsystems
[Subsystems] Discovering subsystems at path C:/Users/nahue/Desktop/UnityProyects/Unity-TriangleWaves/Assets
GfxDevice: creating device client; threaded=0
Direct3D:
    Version:  Direct3D 11.0 [level 11.0]
    Renderer: AMD Radeon HD 7560D (ID=0x9904)
    Vendor:   
    VRAM:     736 MB
    Driver:   15.201.1151.1008
Initialize mono
Mono path[0] = 'C:/Program Files/Unity/Hub/Editor/2020.3.11f1/Editor/Data/Managed'
Mono path[1] = 'C:/Program Files/Unity/Hub/Editor/2020.3.11f1/Editor/Data/MonoBleedingEdge/lib/mono/unityjit'
Mono config path = 'C:/Program Files/Unity/Hub/Editor/2020.3.11f1/Editor/Data/MonoBleedingEdge/etc'
Using monoOptions --debugger-agent=transport=dt_socket,embedding=1,server=y,suspend=n,address=127.0.0.1:56968
Begin MonoManager ReloadAssembly
Registering precompiled unity dll's ...
Register platform support module: C:/Program Files/Unity/Hub/Editor/2020.3.11f1/Editor/Data/PlaybackEngines/WebGLSupport/UnityEditor.WebGL.Extensions.dll
Register platform support module: C:/Program Files/Unity/Hub/Editor/2020.3.11f1/Editor/Data/PlaybackEngines/WindowsStandaloneSupport/UnityEditor.WindowsStandalone.Extensions.dll
Registered in 0.005851 seconds.
Native extension for WindowsStandalone target not found
Native extension for WebGL target not found
Refreshing native plugins compatible for Editor in 80.62 ms, found 3 plugins.
Preloading 0 native plugins for Editor in 0.00 ms.
Mono: successfully reloaded assembly
- Completed reload, in  4.067 seconds
Platform modules already initialized, skipping
Registering precompiled user dll's ...
Registered in 0.016931 seconds.
Begin MonoManager ReloadAssembly
Native extension for WindowsStandalone target not found
Native extension for WebGL target not found
Refreshing native plugins compatible for Editor in 80.77 ms, found 3 plugins.
Preloading 0 native plugins for Editor in 0.00 ms.
Mono: successfully reloaded assembly
- Completed reload, in  2.512 seconds
Platform modules already initialized, skipping
========================================================================
Worker process is ready to serve import requests
Launched and connected shader compiler UnityShaderCompiler.exe after 0.18 seconds
Refreshing native plugins compatible for Editor in 18.23 ms, found 3 plugins.
Preloading 0 native plugins for Editor in 0.00 ms.
Unloading 2084 Unused Serialized files (Serialized files now loaded: 0)
System memory in use before: 93.0 MB.
System memory in use after: 92.9 MB.

Unloading 33 unused Assets to reduce memory usage. Loaded Objects now: 2517.
Total: 5.052667 ms (FindLiveObjects: 0.544622 ms CreateObjectMapping: 0.131022 ms MarkObjects: 4.049956 ms  DeleteObjects: 0.318756 ms)

========================================================================
Received Import Request.
  path: Assets/SquareEnemy.cs
  artifactKey: Guid(c3a04b6a75842784ca267dcf47e6bea2) Importer(815301076,1909f56bfc062723c751e8b465ee728b)
Start importing Assets/SquareEnemy.cs using Guid(c3a04b6a75842784ca267dcf47e6bea2) Importer(815301076,1909f56bfc062723c751e8b465ee728b)  -> (artifact id: 'ad26b8243037c6e2113dd8517d49566b') in 0.123284 seconds
  Import took 0.129318 seconds .

========================================================================
Received Prepare
Registering precompiled user dll's ...
Registered in 0.009172 seconds.
Begin MonoManager ReloadAssembly
Native extension for WindowsStandalone target not found
Native extension for WebGL target not found
Refreshing native plugins compatible for Editor in 0.82 ms, found 3 plugins.
Preloading 0 native plugins for Editor in 0.00 ms.
Mono: successfully reloaded assembly
- Completed reload, in  2.829 seconds
Platform modules already initialized, skipping
Refreshing native plugins compatible for Editor in 0.84 ms, found 3 plugins.
Preloading 0 native plugins for Editor in 0.00 ms.
Unloading 2079 Unused Serialized files (Serialized files now loaded: 0)
System memory in use before: 93.0 MB.
System memory in use after: 92.9 MB.

Unloading 21 unused Assets to reduce memory usage. Loaded Objects now: 2521.
Total: 4.733912 ms (FindLiveObjects: 0.506978 ms CreateObjectMapping: 0.154000 ms MarkObjects: 3.876889 ms  DeleteObjects: 0.189200 ms)

========================================================================
Received Import Request.
  Time since last request: 167.207801 seconds.
  path: Assets/SquareEnemy.cs
  artifactKey: Guid(c3a04b6a75842784ca267dcf47e6bea2) Importer(815301076,1909f56bfc062723c751e8b465ee728b)
Start importing Assets/SquareEnemy.cs using Guid(c3a04b6a75842784ca267dcf47e6bea2) Importer(815301076,1909f56bfc062723c751e8b465ee728b)  -> (artifact id: '40fc47632ab05376d08b75d4b8383949') in 0.016134 seconds
  Import took 0.023076 seconds .

========================================================================
Received Import Request.
  Time since last request: 13.431261 seconds.
  path: Assets/Bullet.cs
  artifactKey: Guid(7ac3d6d56953aa445a7fa3b9e5828703) Importer(815301076,1909f56bfc062723c751e8b465ee728b)
Start importing Assets/Bullet.cs using Guid(7ac3d6d56953aa445a7fa3b9e5828703) Importer(815301076,1909f56bfc062723c751e8b465ee728b)  -> (artifact id: '9a0e39521c6ee1f0f7dca73529a051fe') in 0.011898 seconds
  Import took 0.018713 seconds .

========================================================================
Received Import Request.
  Time since last request: 24.971333 seconds.
  path: Assets/Bullet.cs
  artifactKey: Guid(7ac3d6d56953aa445a7fa3b9e5828703) Importer(815301076,1909f56bfc062723c751e8b465ee728b)
Start importing Assets/Bullet.cs using Guid(7ac3d6d56953aa445a7fa3b9e5828703) Importer(815301076,1909f56bfc062723c751e8b465ee728b)  -> (artifact id: 'd47591ea2402a43f4fac40f116fd3190') in 0.028656 seconds
  Import took 0.088999 seconds .

========================================================================
Received Prepare
Registering precompiled user dll's ...
Registered in 0.009074 seconds.
Begin MonoManager ReloadAssembly
Native extension for WindowsStandalone target not found
Native extension for WebGL target not found
Refreshing native plugins compatible for Editor in 0.91 ms, found 3 plugins.
Preloading 0 native plugins for Editor in 0.00 ms.
Mono: successfully reloaded assembly
- Completed reload, in  2.494 seconds
Platform modules already initialized, skipping
Refreshing native plugins compatible for Editor in 0.97 ms, found 3 plugins.
Preloading 0 native plugins for Editor in 0.00 ms.
Unloading 2079 Unused Serialized files (Serialized files now loaded: 0)
System memory in use before: 93.0 MB.
System memory in use after: 93.0 MB.

Unloading 21 unused Assets to reduce memory usage. Loaded Objects now: 2525.
Total: 4.163378 ms (FindLiveObjects: 0.580800 ms CreateObjectMapping: 0.198489 ms MarkObjects: 3.176312 ms  DeleteObjects: 0.199956 ms)

========================================================================
Received Prepare
Registering precompiled user dll's ...
Registered in 0.014358 seconds.
Begin MonoManager ReloadAssembly
Native extension for WindowsStandalone target not found
Native extension for WebGL target not found
Refreshing native plugins compatible for Editor in 0.80 ms, found 3 plugins.
Preloading 0 native plugins for Editor in 0.00 ms.
Mono: successfully reloaded assembly
- Completed reload, in  2.434 seconds
Platform modules already initialized, skipping
Refreshing native plugins compatible for Editor in 1.11 ms, found 3 plugins.
Preloading 0 native plugins for Editor in 0.00 ms.
Unloading 2079 Unused Serialized files (Serialized files now loaded: 0)
System memory in use before: 93.0 MB.
System memory in use after: 93.0 MB.

Unloading 21 unused Assets to reduce memory usage. Loaded Objects now: 2529.
Total: 3.935556 ms (FindLiveObjects: 0.479111 ms CreateObjectMapping: 0.110000 ms MarkObjects: 3.131334 ms  DeleteObjects: 0.207778 ms)

========================================================================
Received Import Request.
  Time since last request: 75.879308 seconds.
  path: Assets/SquareEnemy.cs
  artifactKey: Guid(c3a04b6a75842784ca267dcf47e6bea2) Importer(815301076,1909f56bfc062723c751e8b465ee728b)
Start importing Assets/SquareEnemy.cs using Guid(c3a04b6a75842784ca267dcf47e6bea2) Importer(815301076,1909f56bfc062723c751e8b465ee728b)  -> (artifact id: 'ca543eafe526b716e87e0809191ffe62') in 0.021313 seconds
  Import took 0.026641 seconds .

========================================================================
Received Import Request.
  Time since last request: 0.278413 seconds.
  path: Assets/Bullet.cs
  artifactKey: Guid(7ac3d6d56953aa445a7fa3b9e5828703) Importer(815301076,1909f56bfc062723c751e8b465ee728b)
Start importing Assets/Bullet.cs using Guid(7ac3d6d56953aa445a7fa3b9e5828703) Importer(815301076,1909f56bfc062723c751e8b465ee728b)  -> (artifact id: '9e30038fea03221e4a86c52d3d9e3957') in 0.021786 seconds
  Import took 0.029550 seconds .

========================================================================
Received Import Request.
  Time since last request: 0.002049 seconds.
  path: Assets/Bullet.cs
  artifactKey: Guid(7ac3d6d56953aa445a7fa3b9e5828703) Importer(815301076,1909f56bfc062723c751e8b465ee728b)
Start importing Assets/Bullet.cs using Guid(7ac3d6d56953aa445a7fa3b9e5828703) Importer(815301076,1909f56bfc062723c751e8b465ee728b)  -> (artifact id: '9e30038fea03221e4a86c52d3d9e3957') in 0.015426 seconds
  Import took 0.023578 seconds .

========================================================================
Received Prepare
Registering precompiled user dll's ...
Registered in 0.016156 seconds.
Begin MonoManager ReloadAssembly
Native extension for WindowsStandalone target not found
Native extension for WebGL target not found
Refreshing native plugins compatible for Editor in 0.88 ms, found 3 plugins.
Preloading 0 native plugins for Editor in 0.00 ms.
Mono: successfully reloaded assembly
- Completed reload, in  2.499 seconds
Platform modules already initialized, skipping
Refreshing native plugins compatible for Editor in 0.95 ms, found 3 plugins.
Preloading 0 native plugins for Editor in 0.00 ms.
Unloading 2079 Unused Serialized files (Serialized files now loaded: 0)
System memory in use before: 93.0 MB.
System memory in use after: 93.0 MB.

Unloading 21 unused Assets to reduce memory usage. Loaded Objects now: 2533.
Total: 4.033823 ms (FindLiveObjects: 0.500133 ms CreateObjectMapping: 0.120756 ms MarkObjects: 3.199778 ms  DeleteObjects: 0.206311 ms)

========================================================================
Received Import Request.
  Time since last request: 45.683669 seconds.
  path: Assets/Bullet.cs
  artifactKey: Guid(7ac3d6d56953aa445a7fa3b9e5828703) Importer(815301076,1909f56bfc062723c751e8b465ee728b)
Start importing Assets/Bullet.cs using Guid(7ac3d6d56953aa445a7fa3b9e5828703) Importer(815301076,1909f56bfc062723c751e8b465ee728b)  -> (artifact id: 'dc080f3d3c84db649ffcb72bab422e99') in 0.013392 seconds
  Import took 0.019744 seconds .

========================================================================
Received Import Request.
  Time since last request: 0.025451 seconds.
  path: Assets/Bullet.cs
  artifactKey: Guid(7ac3d6d56953aa445a7fa3b9e5828703) Importer(815301076,1909f56bfc062723c751e8b465ee728b)
Start importing Assets/Bullet.cs using Guid(7ac3d6d56953aa445a7fa3b9e5828703) Importer(815301076,1909f56bfc062723c751e8b465ee728b)  -> (artifact id: 'dc080f3d3c84db649ffcb72bab422e99') in 0.009501 seconds
  Import took 0.016662 seconds .

========================================================================
Received Prepare
Registering precompiled user dll's ...
Registered in 0.017338 seconds.
Begin MonoManager ReloadAssembly
Native extension for WindowsStandalone target not found
Native extension for WebGL target not found
Refreshing native plugins compatible for Editor in 0.98 ms, found 3 plugins.
Preloading 0 native plugins for Editor in 0.00 ms.
Mono: successfully reloaded assembly
- Completed reload, in  2.284 seconds
Platform modules already initialized, skipping
Refreshing native plugins compatible for Editor in 0.93 ms, found 3 plugins.
Preloading 0 native plugins for Editor in 0.00 ms.
Unloading 2079 Unused Serialized files (Serialized files now loaded: 0)
System memory in use before: 93.1 MB.
System memory in use after: 93.1 MB.

Unloading 21 unused Assets to reduce memory usage. Loaded Objects now: 2537.
Total: 13.278224 ms (FindLiveObjects: 4.288534 ms CreateObjectMapping: 0.554889 ms MarkObjects: 5.752756 ms  DeleteObjects: 2.660045 ms)

========================================================================
Received Import Request.
  Time since last request: 31.085646 seconds.
  path: Assets/Bullet.prefab
  artifactKey: Guid(c6363e4f52186b5478d73e25986cb3d0) Importer(815301076,1909f56bfc062723c751e8b465ee728b)
Start importing Assets/Bullet.prefab using Guid(c6363e4f52186b5478d73e25986cb3d0) Importer(815301076,1909f56bfc062723c751e8b465ee728b)  -> (artifact id: 'c926150cfec89c9b36ce5caa14451bd8') in 0.193982 seconds
  Import took 0.200920 seconds .

========================================================================
Received Import Request.
  Time since last request: 0.137602 seconds.
  path: Assets/Bullet.prefab
  artifactKey: Guid(c6363e4f52186b5478d73e25986cb3d0) Importer(815301076,1909f56bfc062723c751e8b465ee728b)
Start importing Assets/Bullet.prefab using Guid(c6363e4f52186b5478d73e25986cb3d0) Importer(815301076,1909f56bfc062723c751e8b465ee728b)  -> (artifact id: 'c926150cfec89c9b36ce5caa14451bd8') in 0.027266 seconds
  Import took 0.034250 seconds .

========================================================================
Received Prepare
Registering precompiled user dll's ...
Registered in 0.009479 seconds.
Begin MonoManager ReloadAssembly
Native extension for WindowsStandalone target not found
Native extension for WebGL target not found
Refreshing native plugins compatible for Editor in 0.81 ms, found 3 plugins.
Preloading 0 native plugins for Editor in 0.00 ms.
Mono: successfully reloaded assembly
- Completed reload, in  2.500 seconds
Platform modules already initialized, skipping
Refreshing native plugins compatible for Editor in 0.98 ms, found 3 plugins.
Preloading 0 native plugins for Editor in 0.00 ms.
Unloading 2079 Unused Serialized files (Serialized files now loaded: 0)
System memory in use before: 96.1 MB.
System memory in use after: 96.1 MB.

Unloading 23 unused Assets to reduce memory usage. Loaded Objects now: 2548.
Total: 4.468934 ms (FindLiveObjects: 0.602800 ms CreateObjectMapping: 0.155467 ms MarkObjects: 3.440800 ms  DeleteObjects: 0.261067 ms)

========================================================================
Received Prepare
Registering precompiled user dll's ...
Registered in 0.008551 seconds.
Begin MonoManager ReloadAssembly
Native extension for WindowsStandalone target not found
Native extension for WebGL target not found
Refreshing native plugins compatible for Editor in 0.95 ms, found 3 plugins.
Preloading 0 native plugins for Editor in 0.00 ms.
Mono: successfully reloaded assembly
- Completed reload, in  2.606 seconds
Platform modules already initialized, skipping
Refreshing native plugins compatible for Editor in 0.98 ms, found 3 plugins.
Preloading 0 native plugins for Editor in 0.00 ms.
Unloading 2079 Unused Serialized files (Serialized files now loaded: 0)
System memory in use before: 96.1 MB.
System memory in use after: 96.1 MB.

Unloading 21 unused Assets to reduce memory usage. Loaded Objects now: 2552.
Total: 5.894534 ms (FindLiveObjects: 0.481556 ms CreateObjectMapping: 0.133956 ms MarkObjects: 4.787201 ms  DeleteObjects: 0.483511 ms)

========================================================================
Received Prepare
Registering precompiled user dll's ...
Registered in 0.010252 seconds.
Begin MonoManager ReloadAssembly
Native extension for WindowsStandalone target not found
Native extension for WebGL target not found
Refreshing native plugins compatible for Editor in 0.83 ms, found 3 plugins.
Preloading 0 native plugins for Editor in 0.00 ms.
Mono: successfully reloaded assembly
- Completed reload, in  2.424 seconds
Platform modules already initialized, skipping
Refreshing native plugins compatible for Editor in 0.83 ms, found 3 plugins.
Preloading 0 native plugins for Editor in 0.00 ms.
Unloading 2079 Unused Serialized files (Serialized files now loaded: 0)
System memory in use before: 96.1 MB.
System memory in use after: 96.1 MB.

Unloading 21 unused Assets to reduce memory usage. Loaded Objects now: 2556.
Total: 4.250401 ms (FindLiveObjects: 0.502089 ms CreateObjectMapping: 0.112933 ms MarkObjects: 3.416845 ms  DeleteObjects: 0.210711 ms)

========================================================================
Received Prepare
Registering precompiled user dll's ...
Registered in 0.105792 seconds.
Begin MonoManager ReloadAssembly
Native extension for WindowsStandalone target not found
Native extension for WebGL target not found
Refreshing native plugins compatible for Editor in 0.83 ms, found 3 plugins.
Preloading 0 native plugins for Editor in 0.00 ms.
Mono: successfully reloaded assembly
- Completed reload, in  3.470 seconds
Platform modules already initialized, skipping
Refreshing native plugins compatible for Editor in 2.82 ms, found 3 plugins.
Preloading 0 native plugins for Editor in 0.00 ms.
Unloading 2079 Unused Serialized files (Serialized files now loaded: 0)
System memory in use before: 96.1 MB.
System memory in use after: 96.1 MB.

Unloading 21 unused Assets to reduce memory usage. Loaded Objects now: 2560.
Total: 4.456223 ms (FindLiveObjects: 0.524089 ms CreateObjectMapping: 0.120267 ms MarkObjects: 3.569378 ms  DeleteObjects: 0.235156 ms)

AssetImportWorkerClient::OnTransportError - code=2 error=End of file
